f:\documents\visual studio 2015\projects\flightofthedragonborn\common\debug\common.pdb
f:\documents\visual studio 2015\projects\flightofthedragonborn\common\debug\common.idb
f:\documents\visual studio 2015\projects\flightofthedragonborn\common\debug\ierrors.obj
f:\documents\visual studio 2015\projects\flightofthedragonborn\common\debug\ievent.obj
f:\documents\visual studio 2015\projects\flightofthedragonborn\common\debug\iinterlockedlong.obj
f:\documents\visual studio 2015\projects\flightofthedragonborn\common\debug\imutex.obj
f:\documents\visual studio 2015\projects\flightofthedragonborn\common\debug\ireadwritelock.obj
f:\documents\visual studio 2015\projects\flightofthedragonborn\common\debug\ithread.obj
f:\documents\visual studio 2015\projects\flightofthedragonborn\common\debug\iarchive.obj
f:\documents\visual studio 2015\projects\flightofthedragonborn\common\debug\idatabase.obj
f:\documents\visual studio 2015\projects\flightofthedragonborn\common\debug\ififo.obj
f:\documents\visual studio 2015\projects\flightofthedragonborn\common\debug\irangemap.obj
f:\documents\visual studio 2015\projects\flightofthedragonborn\common\debug\itextparser.obj
f:\documents\visual studio 2015\projects\flightofthedragonborn\common\debug\itypes.obj
f:\documents\visual studio 2015\projects\flightofthedragonborn\common\debug\iconsole.obj
f:\documents\visual studio 2015\projects\flightofthedragonborn\common\debug\idynamiccreate.obj
f:\documents\visual studio 2015\projects\flightofthedragonborn\common\debug\itimer.obj
f:\documents\visual studio 2015\projects\flightofthedragonborn\common\debug\imempool.obj
f:\documents\visual studio 2015\projects\flightofthedragonborn\common\debug\ipipeclient.obj
f:\documents\visual studio 2015\projects\flightofthedragonborn\common\debug\ipipeserver.obj
f:\documents\visual studio 2015\projects\flightofthedragonborn\common\debug\idirectoryiterator.obj
f:\documents\visual studio 2015\projects\flightofthedragonborn\common\debug\iprefix.obj
f:\documents\visual studio 2015\projects\flightofthedragonborn\common\debug\ibufferstream.obj
f:\documents\visual studio 2015\projects\flightofthedragonborn\common\debug\idatastream.obj
f:\documents\visual studio 2015\projects\flightofthedragonborn\common\debug\ifilestream.obj
f:\documents\visual studio 2015\projects\flightofthedragonborn\common\debug\isegmentstream.obj
f:\documents\visual studio 2015\projects\flightofthedragonborn\common\debug\idebuglog.obj
f:\documents\visual studio 2015\projects\flightofthedragonborn\debug\common.lib
f:\documents\visual studio 2015\projects\flightofthedragonborn\debug\common.pdb
f:\documents\visual studio 2015\projects\flightofthedragonborn\common\debug\common.tlog\cl.command.1.tlog
f:\documents\visual studio 2015\projects\flightofthedragonborn\common\debug\common.tlog\cl.read.1.tlog
f:\documents\visual studio 2015\projects\flightofthedragonborn\common\debug\common.tlog\cl.write.1.tlog
f:\documents\visual studio 2015\projects\flightofthedragonborn\common\debug\common.tlog\lib-link.read.1.tlog
f:\documents\visual studio 2015\projects\flightofthedragonborn\common\debug\common.tlog\lib-link.write.1.tlog
f:\documents\visual studio 2015\projects\flightofthedragonborn\common\debug\common.tlog\lib.command.1.tlog
