f:\documents\visual studio 2015\projects\flightofthedragonborn\skse\debug\skse.pdb
f:\documents\visual studio 2015\projects\flightofthedragonborn\skse\debug\skse.idb
f:\documents\visual studio 2015\projects\flightofthedragonborn\skse\debug\pluginmanager.obj
f:\documents\visual studio 2015\projects\flightofthedragonborn\skse\debug\safewrite.obj
f:\documents\visual studio 2015\projects\flightofthedragonborn\skse\debug\serialization.obj
f:\documents\visual studio 2015\projects\flightofthedragonborn\skse\debug\translation.obj
f:\documents\visual studio 2015\projects\flightofthedragonborn\skse\debug\utilities.obj
f:\documents\visual studio 2015\projects\flightofthedragonborn\skse\debug\nicontrollers.obj
f:\documents\visual studio 2015\projects\flightofthedragonborn\skse\debug\niextradata.obj
f:\documents\visual studio 2015\projects\flightofthedragonborn\skse\debug\nigeometry.obj
f:\documents\visual studio 2015\projects\flightofthedragonborn\skse\debug\niinterpolators.obj
f:\documents\visual studio 2015\projects\flightofthedragonborn\skse\debug\nilight.obj
f:\documents\visual studio 2015\projects\flightofthedragonborn\skse\debug\nimaterial.obj
f:\documents\visual studio 2015\projects\flightofthedragonborn\skse\debug\ninodes.obj
f:\documents\visual studio 2015\projects\flightofthedragonborn\skse\debug\niobjects.obj
f:\documents\visual studio 2015\projects\flightofthedragonborn\skse\debug\niproperties.obj
f:\documents\visual studio 2015\projects\flightofthedragonborn\skse\debug\nirenderer.obj
f:\documents\visual studio 2015\projects\flightofthedragonborn\skse\debug\nirtti.obj
f:\documents\visual studio 2015\projects\flightofthedragonborn\skse\debug\niserialization.obj
f:\documents\visual studio 2015\projects\flightofthedragonborn\skse\debug\nitextures.obj
f:\documents\visual studio 2015\projects\flightofthedragonborn\skse\debug\nitypes.obj
f:\documents\visual studio 2015\projects\flightofthedragonborn\skse\debug\skse.obj
f:\documents\visual studio 2015\projects\flightofthedragonborn\skse\debug\hooks_camera.obj
f:\documents\visual studio 2015\projects\flightofthedragonborn\skse\debug\hooks_debug.obj
f:\documents\visual studio 2015\projects\flightofthedragonborn\skse\debug\hooks_directinput8create.obj
f:\documents\visual studio 2015\projects\flightofthedragonborn\skse\debug\hooks_event.obj
f:\documents\visual studio 2015\projects\flightofthedragonborn\skse\debug\hooks_gameplay.obj
f:\documents\visual studio 2015\projects\flightofthedragonborn\skse\debug\hooks_handlers.obj
f:\documents\visual studio 2015\projects\flightofthedragonborn\skse\debug\hooks_memory.obj
f:\documents\visual studio 2015\projects\flightofthedragonborn\skse\debug\hooks_netimmerse.obj
f:\documents\visual studio 2015\projects\flightofthedragonborn\skse\debug\hooks_obscript.obj
f:\documents\visual studio 2015\projects\flightofthedragonborn\skse\debug\hooks_papyrus.obj
f:\documents\visual studio 2015\projects\flightofthedragonborn\skse\debug\hooks_saveload.obj
f:\documents\visual studio 2015\projects\flightofthedragonborn\skse\debug\hooks_scaleform.obj
f:\documents\visual studio 2015\projects\flightofthedragonborn\skse\debug\hooks_threads.obj
f:\documents\visual studio 2015\projects\flightofthedragonborn\skse\debug\hooks_ui.obj
f:\documents\visual studio 2015\projects\flightofthedragonborn\skse\debug\colors.obj
f:\documents\visual studio 2015\projects\flightofthedragonborn\skse\debug\custommenu.obj
f:\documents\visual studio 2015\projects\flightofthedragonborn\skse\debug\globallocks.obj
f:\documents\visual studio 2015\projects\flightofthedragonborn\skse\debug\hashutil.obj
f:\documents\visual studio 2015\projects\flightofthedragonborn\skse\debug\inputmap.obj
f:\documents\visual studio 2015\projects\flightofthedragonborn\skse\debug\internalserialization.obj
f:\documents\visual studio 2015\projects\flightofthedragonborn\skse\debug\gameformcomponents.obj
f:\documents\visual studio 2015\projects\flightofthedragonborn\skse\debug\gameforms.obj
f:\documents\visual studio 2015\projects\flightofthedragonborn\skse\debug\gamehandlers.obj
f:\documents\visual studio 2015\projects\flightofthedragonborn\skse\debug\gameinput.obj
f:\documents\visual studio 2015\projects\flightofthedragonborn\skse\debug\gamemenus.obj
f:\documents\visual studio 2015\projects\flightofthedragonborn\skse\debug\gameobjects.obj
f:\documents\visual studio 2015\projects\flightofthedragonborn\skse\debug\gamepathing.obj
f:\documents\visual studio 2015\projects\flightofthedragonborn\skse\debug\gameresources.obj
f:\documents\visual studio 2015\projects\flightofthedragonborn\skse\debug\gamertti.obj
f:\documents\visual studio 2015\projects\flightofthedragonborn\skse\debug\gamesettings.obj
f:\documents\visual studio 2015\projects\flightofthedragonborn\skse\debug\gamestreams.obj
f:\documents\visual studio 2015\projects\flightofthedragonborn\skse\debug\gamethreads.obj
f:\documents\visual studio 2015\projects\flightofthedragonborn\skse\debug\scaleformapi.obj
f:\documents\visual studio 2015\projects\flightofthedragonborn\skse\debug\scaleformcallbacks.obj
f:\documents\visual studio 2015\projects\flightofthedragonborn\skse\debug\scaleformextendeddata.obj
f:\documents\visual studio 2015\projects\flightofthedragonborn\skse\debug\scaleformloader.obj
f:\documents\visual studio 2015\projects\flightofthedragonborn\skse\debug\scaleformmovie.obj
f:\documents\visual studio 2015\projects\flightofthedragonborn\skse\debug\scaleformstate.obj
f:\documents\visual studio 2015\projects\flightofthedragonborn\skse\debug\scaleformtypes.obj
f:\documents\visual studio 2015\projects\flightofthedragonborn\skse\debug\scaleformvm.obj
f:\documents\visual studio 2015\projects\flightofthedragonborn\skse\debug\papyrusstringutil.obj
f:\documents\visual studio 2015\projects\flightofthedragonborn\skse\debug\papyrustextureset.obj
f:\documents\visual studio 2015\projects\flightofthedragonborn\skse\debug\papyrustree.obj
f:\documents\visual studio 2015\projects\flightofthedragonborn\skse\debug\papyrusui.obj
f:\documents\visual studio 2015\projects\flightofthedragonborn\skse\debug\papyrusuicallback.obj
f:\documents\visual studio 2015\projects\flightofthedragonborn\skse\debug\papyrusutility.obj
f:\documents\visual studio 2015\projects\flightofthedragonborn\skse\debug\papyrusweapon.obj
f:\documents\visual studio 2015\projects\flightofthedragonborn\skse\debug\papyrusweather.obj
f:\documents\visual studio 2015\projects\flightofthedragonborn\skse\debug\papyruswornobject.obj
f:\documents\visual studio 2015\projects\flightofthedragonborn\skse\debug\papyrusargs.obj
f:\documents\visual studio 2015\projects\flightofthedragonborn\skse\debug\papyrusclass.obj
f:\documents\visual studio 2015\projects\flightofthedragonborn\skse\debug\papyrusnativefunctions.obj
f:\documents\visual studio 2015\projects\flightofthedragonborn\skse\debug\papyrusvm.obj
f:\documents\visual studio 2015\projects\flightofthedragonborn\skse\debug\papyrusevents.obj
f:\documents\visual studio 2015\projects\flightofthedragonborn\skse\debug\papyrusobjects.obj
f:\documents\visual studio 2015\projects\flightofthedragonborn\skse\debug\gameapi.obj
f:\documents\visual studio 2015\projects\flightofthedragonborn\skse\debug\gamecamera.obj
f:\documents\visual studio 2015\projects\flightofthedragonborn\skse\debug\gamedata.obj
f:\documents\visual studio 2015\projects\flightofthedragonborn\skse\debug\gameevents.obj
f:\documents\visual studio 2015\projects\flightofthedragonborn\skse\debug\gameextradata.obj
f:\documents\visual studio 2015\projects\flightofthedragonborn\skse\debug\papyruskeyword.obj
f:\documents\visual studio 2015\projects\flightofthedragonborn\skse\debug\papyrusleveledactor.obj
f:\documents\visual studio 2015\projects\flightofthedragonborn\skse\debug\papyrusleveleditem.obj
f:\documents\visual studio 2015\projects\flightofthedragonborn\skse\debug\papyrusleveledspell.obj
f:\documents\visual studio 2015\projects\flightofthedragonborn\skse\debug\papyrusmagiceffect.obj
f:\documents\visual studio 2015\projects\flightofthedragonborn\skse\debug\papyrusmath.obj
f:\documents\visual studio 2015\projects\flightofthedragonborn\skse\debug\papyrusmisc.obj
f:\documents\visual studio 2015\projects\flightofthedragonborn\skse\debug\papyrusmodevent.obj
f:\documents\visual studio 2015\projects\flightofthedragonborn\skse\debug\papyrusnetimmerse.obj
f:\documents\visual studio 2015\projects\flightofthedragonborn\skse\debug\papyrusobjectreference.obj
f:\documents\visual studio 2015\projects\flightofthedragonborn\skse\debug\papyrusperk.obj
f:\documents\visual studio 2015\projects\flightofthedragonborn\skse\debug\papyruspotion.obj
f:\documents\visual studio 2015\projects\flightofthedragonborn\skse\debug\papyrusquest.obj
f:\documents\visual studio 2015\projects\flightofthedragonborn\skse\debug\papyrusrace.obj
f:\documents\visual studio 2015\projects\flightofthedragonborn\skse\debug\papyrusscroll.obj
f:\documents\visual studio 2015\projects\flightofthedragonborn\skse\debug\papyrusshout.obj
f:\documents\visual studio 2015\projects\flightofthedragonborn\skse\debug\papyrusskse.obj
f:\documents\visual studio 2015\projects\flightofthedragonborn\skse\debug\papyrussound.obj
f:\documents\visual studio 2015\projects\flightofthedragonborn\skse\debug\papyrussounddescriptor.obj
f:\documents\visual studio 2015\projects\flightofthedragonborn\skse\debug\papyrusspell.obj
f:\documents\visual studio 2015\projects\flightofthedragonborn\skse\debug\papyrusactorvalueinfo.obj
f:\documents\visual studio 2015\projects\flightofthedragonborn\skse\debug\papyrusalias.obj
f:\documents\visual studio 2015\projects\flightofthedragonborn\skse\debug\papyrusammo.obj
f:\documents\visual studio 2015\projects\flightofthedragonborn\skse\debug\papyrusarmor.obj
f:\documents\visual studio 2015\projects\flightofthedragonborn\skse\debug\papyrusarmoraddon.obj
f:\documents\visual studio 2015\projects\flightofthedragonborn\skse\debug\papyrusart.obj
f:\documents\visual studio 2015\projects\flightofthedragonborn\skse\debug\papyrusbook.obj
f:\documents\visual studio 2015\projects\flightofthedragonborn\skse\debug\papyruscell.obj
f:\documents\visual studio 2015\projects\flightofthedragonborn\skse\debug\papyruscolorform.obj
f:\documents\visual studio 2015\projects\flightofthedragonborn\skse\debug\papyruscombatstyle.obj
f:\documents\visual studio 2015\projects\flightofthedragonborn\skse\debug\papyrusconstructibleobject.obj
f:\documents\visual studio 2015\projects\flightofthedragonborn\skse\debug\papyrusdefaultobjectmanager.obj
f:\documents\visual studio 2015\projects\flightofthedragonborn\skse\debug\papyrusenchantment.obj
f:\documents\visual studio 2015\projects\flightofthedragonborn\skse\debug\papyrusequipslot.obj
f:\documents\visual studio 2015\projects\flightofthedragonborn\skse\debug\papyrusflora.obj
f:\documents\visual studio 2015\projects\flightofthedragonborn\skse\debug\papyrusform.obj
f:\documents\visual studio 2015\projects\flightofthedragonborn\skse\debug\papyrusgame.obj
f:\documents\visual studio 2015\projects\flightofthedragonborn\skse\debug\papyrusheadpart.obj
f:\documents\visual studio 2015\projects\flightofthedragonborn\skse\debug\papyrusingredient.obj
f:\documents\visual studio 2015\projects\flightofthedragonborn\skse\debug\papyrusinput.obj
f:\documents\visual studio 2015\projects\flightofthedragonborn\skse\debug\commandtable.obj
f:\documents\visual studio 2015\projects\flightofthedragonborn\skse\debug\gametypes.obj
f:\documents\visual studio 2015\projects\flightofthedragonborn\skse\debug\papyrusactivemagiceffect.obj
f:\documents\visual studio 2015\projects\flightofthedragonborn\skse\debug\papyrusactor.obj
f:\documents\visual studio 2015\projects\flightofthedragonborn\skse\debug\papyrusactorbase.obj
f:\documents\visual studio 2015\projects\flightofthedragonborn\debug\skse.lib
f:\documents\visual studio 2015\projects\flightofthedragonborn\skse\debug\skse_version.res
f:\documents\visual studio 2015\projects\flightofthedragonborn\debug\skse.pdb
f:\documents\visual studio 2015\projects\flightofthedragonborn\skse\debug\skse.tlog\cl.command.1.tlog
f:\documents\visual studio 2015\projects\flightofthedragonborn\skse\debug\skse.tlog\cl.read.1.tlog
f:\documents\visual studio 2015\projects\flightofthedragonborn\skse\debug\skse.tlog\cl.write.1.tlog
f:\documents\visual studio 2015\projects\flightofthedragonborn\skse\debug\skse.tlog\lib-link-cvtres.read.1.tlog
f:\documents\visual studio 2015\projects\flightofthedragonborn\skse\debug\skse.tlog\lib-link-cvtres.write.1.tlog
f:\documents\visual studio 2015\projects\flightofthedragonborn\skse\debug\skse.tlog\lib.command.1.tlog
f:\documents\visual studio 2015\projects\flightofthedragonborn\skse\debug\skse.tlog\rc.command.1.tlog
f:\documents\visual studio 2015\projects\flightofthedragonborn\skse\debug\skse.tlog\rc.read.1.tlog
f:\documents\visual studio 2015\projects\flightofthedragonborn\skse\debug\skse.tlog\rc.write.1.tlog
